<?xml version="1.0" encoding="UTF-8"?>
<!-- Generated by org.testng.reporters.JUnitReportReporter -->
<testsuite hostname="QT-INBG-LT0395" failures="0" tests="3" name="runner.Runner" time="155.093" errors="0" timestamp="2023-02-28T11:08:08 IST" skipped="0">
  <testcase classname="runner.Runner" name="runScenario" time="50.981"/>
  <system-out/>
  <testcase classname="runner.Runner" name="runScenario" time="53.066"/>
  <system-out/>
  <testcase classname="runner.Runner" name="runScenario" time="51.046"/>
  <system-out/>
</testsuite> <!-- runner.Runner -->
